[debug] [2026-03-04T12:56:20.717Z] ----------------------------------------------------------------------
[debug] [2026-03-04T12:56:20.719Z] Command:       /opt/homebrew/Cellar/node/25.5.0/bin/node /opt/homebrew/bin/firebase deploy --only functions --project dndpurchase-2abca
[debug] [2026-03-04T12:56:20.719Z] CLI Version:   14.22.0
[debug] [2026-03-04T12:56:20.719Z] Platform:      darwin
[debug] [2026-03-04T12:56:20.719Z] Node Version:  v25.5.0
[debug] [2026-03-04T12:56:20.719Z] Time:          Wed Mar 04 2026 18:26:20 GMT+0530 (India Standard Time)
[debug] [2026-03-04T12:56:20.719Z] ----------------------------------------------------------------------
[debug] 
[debug] [2026-03-04T12:56:20.794Z] > command requires scopes: ["email","openid","https://www.googleapis.com/auth/cloudplatformprojects.readonly","https://www.googleapis.com/auth/firebase","https://www.googleapis.com/auth/cloud-platform"]
[debug] [2026-03-04T12:56:20.794Z] > authorizing via signed-in user (jeel171914@gmail.com)
[debug] [2026-03-04T12:56:20.794Z] [iam] checking project dndpurchase-2abca for permissions ["cloudfunctions.functions.create","cloudfunctions.functions.delete","cloudfunctions.functions.get","cloudfunctions.functions.list","cloudfunctions.functions.update","cloudfunctions.operations.get","firebase.projects.get"]
[debug] [2026-03-04T12:56:20.794Z] Checked if tokens are valid: true, expires at: 1772631776038
[debug] [2026-03-04T12:56:20.795Z] Checked if tokens are valid: true, expires at: 1772631776038
[debug] [2026-03-04T12:56:20.795Z] >>> [apiv2][query] POST https://cloudresourcemanager.googleapis.com/v1/projects/dndpurchase-2abca:testIamPermissions [none]
[debug] [2026-03-04T12:56:20.795Z] >>> [apiv2][(partial)header] POST https://cloudresourcemanager.googleapis.com/v1/projects/dndpurchase-2abca:testIamPermissions x-goog-quota-user=projects/dndpurchase-2abca
[debug] [2026-03-04T12:56:20.795Z] >>> [apiv2][body] POST https://cloudresourcemanager.googleapis.com/v1/projects/dndpurchase-2abca:testIamPermissions {"permissions":["cloudfunctions.functions.create","cloudfunctions.functions.delete","cloudfunctions.functions.get","cloudfunctions.functions.list","cloudfunctions.functions.update","cloudfunctions.operations.get","firebase.projects.get"]}
[debug] [2026-03-04T12:56:22.576Z] <<< [apiv2][status] POST https://cloudresourcemanager.googleapis.com/v1/projects/dndpurchase-2abca:testIamPermissions 200
[debug] [2026-03-04T12:56:22.577Z] <<< [apiv2][body] POST https://cloudresourcemanager.googleapis.com/v1/projects/dndpurchase-2abca:testIamPermissions {"permissions":["cloudfunctions.functions.create","cloudfunctions.functions.delete","cloudfunctions.functions.get","cloudfunctions.functions.list","cloudfunctions.functions.update","cloudfunctions.operations.get","firebase.projects.get"]}
[debug] [2026-03-04T12:56:22.577Z] Checked if tokens are valid: true, expires at: 1772631776038
[debug] [2026-03-04T12:56:22.577Z] Checked if tokens are valid: true, expires at: 1772631776038
[debug] [2026-03-04T12:56:22.577Z] >>> [apiv2][query] POST https://iam.googleapis.com/v1/projects/dndpurchase-2abca/serviceAccounts/dndpurchase-2abca@appspot.gserviceaccount.com:testIamPermissions [none]
[debug] [2026-03-04T12:56:22.577Z] >>> [apiv2][body] POST https://iam.googleapis.com/v1/projects/dndpurchase-2abca/serviceAccounts/dndpurchase-2abca@appspot.gserviceaccount.com:testIamPermissions {"permissions":["iam.serviceAccounts.actAs"]}
[debug] [2026-03-04T12:56:24.460Z] <<< [apiv2][status] POST https://iam.googleapis.com/v1/projects/dndpurchase-2abca/serviceAccounts/dndpurchase-2abca@appspot.gserviceaccount.com:testIamPermissions 200
[debug] [2026-03-04T12:56:24.460Z] <<< [apiv2][body] POST https://iam.googleapis.com/v1/projects/dndpurchase-2abca/serviceAccounts/dndpurchase-2abca@appspot.gserviceaccount.com:testIamPermissions {"permissions":["iam.serviceAccounts.actAs"]}
[info] 
[info] === Deploying to 'dndpurchase-2abca'...
[info] 
[info] i  deploying functions 
[info] Running command: npm --prefix "$RESOURCE_DIR" run build
[info] ✔  functions: Finished running predeploy script. 
[debug] [2026-03-04T12:56:25.513Z] Checked if tokens are valid: true, expires at: 1772631776038
[debug] [2026-03-04T12:56:25.513Z] Checked if tokens are valid: true, expires at: 1772631776038
[debug] [2026-03-04T12:56:25.513Z] >>> [apiv2][query] GET https://cloudresourcemanager.googleapis.com/v1/projects/dndpurchase-2abca [none]
[debug] [2026-03-04T12:56:25.889Z] <<< [apiv2][status] GET https://cloudresourcemanager.googleapis.com/v1/projects/dndpurchase-2abca 200
[debug] [2026-03-04T12:56:25.890Z] <<< [apiv2][body] GET https://cloudresourcemanager.googleapis.com/v1/projects/dndpurchase-2abca {"projectNumber":"964040531655","projectId":"dndpurchase-2abca","lifecycleState":"ACTIVE","name":"dndpurchase","labels":{"firebase":"enabled","firebase-core":"disabled"},"createTime":"2026-03-03T06:44:50.954776Z"}
[info] i  functions: preparing codebase default for deployment 
[info] i  functions: ensuring required API cloudfunctions.googleapis.com is enabled... 
[info] i  functions: ensuring required API cloudbuild.googleapis.com is enabled... 
[info] i  artifactregistry: ensuring required API artifactregistry.googleapis.com is enabled... 
[debug] [2026-03-04T12:56:25.893Z] Checked if tokens are valid: true, expires at: 1772631776038
[debug] [2026-03-04T12:56:25.893Z] Checked if tokens are valid: true, expires at: 1772631776038
[debug] [2026-03-04T12:56:25.893Z] >>> [apiv2][query] GET https://firebase.googleapis.com/v1beta1/projects/dndpurchase-2abca/adminSdkConfig [none]
[debug] [2026-03-04T12:56:26.575Z] <<< [apiv2][status] GET https://firebase.googleapis.com/v1beta1/projects/dndpurchase-2abca/adminSdkConfig 200
[debug] [2026-03-04T12:56:26.575Z] <<< [apiv2][body] GET https://firebase.googleapis.com/v1beta1/projects/dndpurchase-2abca/adminSdkConfig {"projectId":"dndpurchase-2abca","storageBucket":"dndpurchase-2abca.firebasestorage.app"}
[debug] [2026-03-04T12:56:26.576Z] Checked if tokens are valid: true, expires at: 1772631776038
[debug] [2026-03-04T12:56:26.576Z] Checked if tokens are valid: true, expires at: 1772631776038
[debug] [2026-03-04T12:56:26.576Z] >>> [apiv2][query] GET https://runtimeconfig.googleapis.com/v1beta1/projects/dndpurchase-2abca/configs [none]
[debug] [2026-03-04T12:56:27.156Z] <<< [apiv2][status] GET https://runtimeconfig.googleapis.com/v1beta1/projects/dndpurchase-2abca/configs 200
[debug] [2026-03-04T12:56:27.156Z] <<< [apiv2][body] GET https://runtimeconfig.googleapis.com/v1beta1/projects/dndpurchase-2abca/configs {}
[debug] [2026-03-04T12:56:27.158Z] Validating nodejs source
[warn] ⚠  functions: Runtime Node.js 20 will be deprecated on 2026-04-30 and will be decommissioned on 2026-10-30, after which you will not be able to deploy without upgrading. Consider upgrading now to avoid disruption. See https://cloud.google.com/functions/docs/runtime-support for full details on the lifecycle policy 
[warn] ⚠  functions: package.json indicates an outdated version of firebase-functions. Please upgrade using npm install --save firebase-functions@latest in your functions directory. 
[warn] ⚠  functions: Please note that there will be breaking changes when you upgrade. 
[debug] [2026-03-04T12:56:28.128Z] > [functions] package.json contents: {
  "name": "functions",
  "scripts": {
    "build": "tsc",
    "build:watch": "tsc --watch",
    "serve": "npm run build && firebase emulators:start --only functions",
    "shell": "npm run build && firebase functions:shell",
    "start": "npm run shell",
    "deploy": "firebase deploy --only functions",
    "logs": "firebase functions:log"
  },
  "engines": {
    "node": "20"
  },
  "main": "lib/index.js",
  "dependencies": {
    "firebase-admin": "^12.1.0",
    "firebase-functions": "^5.0.0"
  },
  "devDependencies": {
    "typescript": "^4.9.0"
  },
  "private": true
}
[debug] [2026-03-04T12:56:28.128Z] Building nodejs source
[info] i  functions: Loading and analyzing source code for codebase default to determine what to deploy 
[debug] [2026-03-04T12:56:28.128Z] Could not find functions.yaml. Must use http discovery
[debug] [2026-03-04T12:56:28.132Z] Found firebase-functions binary at '/Users/jeelpatel/Desktop/Jeel/Ahemdabad/DND/functions/node_modules/.bin/firebase-functions'
[info] Serving at port 8355

[debug] [2026-03-04T12:56:28.704Z] Got response from /__/functions.yaml {"endpoints":{"aggregateRevenueOnOfferUpdate":{"platform":"gcfv1","availableMemoryMb":null,"timeoutSeconds":null,"minInstances":null,"maxInstances":null,"ingressSettings":null,"serviceAccountEmail":null,"vpc":null,"eventTrigger":{"eventType":"providers/cloud.firestore/eventTypes/document.update","eventFilters":{"resource":"projects/dndpurchase-2abca/databases/(default)/documents/offers/{offerId}"},"retry":false},"labels":{},"entryPoint":"aggregateRevenueOnOfferUpdate"}},"specVersion":"v1alpha1","requiredAPIs":[],"extensions":{}}
[info] i  extensions: ensuring required API firebaseextensions.googleapis.com is enabled... 
[debug] [2026-03-04T12:56:32.720Z] Checked if tokens are valid: true, expires at: 1772631776038
[debug] [2026-03-04T12:56:32.720Z] Checked if tokens are valid: true, expires at: 1772631776038
[debug] [2026-03-04T12:56:32.720Z] >>> [apiv2][query] GET https://serviceusage.googleapis.com/v1/projects/dndpurchase-2abca/services/firebaseextensions.googleapis.com [none]
[debug] [2026-03-04T12:56:32.720Z] >>> [apiv2][(partial)header] GET https://serviceusage.googleapis.com/v1/projects/dndpurchase-2abca/services/firebaseextensions.googleapis.com x-goog-quota-user=projects/dndpurchase-2abca
[debug] [2026-03-04T12:56:45.667Z] <<< [apiv2][status] GET https://serviceusage.googleapis.com/v1/projects/dndpurchase-2abca/services/firebaseextensions.googleapis.com 200
[debug] [2026-03-04T12:56:45.668Z] <<< [apiv2][body] GET https://serviceusage.googleapis.com/v1/projects/dndpurchase-2abca/services/firebaseextensions.googleapis.com [omitted]
[warn] ⚠  extensions: missing required API firebaseextensions.googleapis.com. Enabling now... 
[debug] [2026-03-04T12:56:45.669Z] Checked if tokens are valid: true, expires at: 1772631776038
[debug] [2026-03-04T12:56:45.669Z] Checked if tokens are valid: true, expires at: 1772631776038
[debug] [2026-03-04T12:56:45.669Z] >>> [apiv2][query] POST https://serviceusage.googleapis.com/v1/projects/dndpurchase-2abca/services/firebaseextensions.googleapis.com:enable [none]
[debug] [2026-03-04T12:56:45.669Z] >>> [apiv2][(partial)header] POST https://serviceusage.googleapis.com/v1/projects/dndpurchase-2abca/services/firebaseextensions.googleapis.com:enable x-goog-quota-user=projects/dndpurchase-2abca
[debug] [2026-03-04T12:56:49.500Z] <<< [apiv2][status] POST https://serviceusage.googleapis.com/v1/projects/dndpurchase-2abca/services/firebaseextensions.googleapis.com:enable 200
[debug] [2026-03-04T12:56:49.500Z] <<< [apiv2][body] POST https://serviceusage.googleapis.com/v1/projects/dndpurchase-2abca/services/firebaseextensions.googleapis.com:enable [omitted]
[debug] [2026-03-04T12:56:59.513Z] > command requires scopes: ["email","openid","https://www.googleapis.com/auth/cloudplatformprojects.readonly","https://www.googleapis.com/auth/firebase","https://www.googleapis.com/auth/cloud-platform"]
[debug] [2026-03-04T12:56:59.514Z] > authorizing via signed-in user (jeel171914@gmail.com)
[debug] [2026-03-04T12:56:59.514Z] [iam] checking project dndpurchase-2abca for permissions ["firebase.projects.get","firebaseextensions.instances.list"]
[debug] [2026-03-04T12:56:59.514Z] Checked if tokens are valid: true, expires at: 1772631776038
[debug] [2026-03-04T12:56:59.514Z] Checked if tokens are valid: true, expires at: 1772631776038
[debug] [2026-03-04T12:56:59.514Z] >>> [apiv2][query] POST https://cloudresourcemanager.googleapis.com/v1/projects/dndpurchase-2abca:testIamPermissions [none]
[debug] [2026-03-04T12:56:59.514Z] >>> [apiv2][(partial)header] POST https://cloudresourcemanager.googleapis.com/v1/projects/dndpurchase-2abca:testIamPermissions x-goog-quota-user=projects/dndpurchase-2abca
[debug] [2026-03-04T12:56:59.514Z] >>> [apiv2][body] POST https://cloudresourcemanager.googleapis.com/v1/projects/dndpurchase-2abca:testIamPermissions {"permissions":["firebase.projects.get","firebaseextensions.instances.list"]}
[debug] [2026-03-04T12:57:00.178Z] <<< [apiv2][status] POST https://cloudresourcemanager.googleapis.com/v1/projects/dndpurchase-2abca:testIamPermissions 200
[debug] [2026-03-04T12:57:00.178Z] <<< [apiv2][body] POST https://cloudresourcemanager.googleapis.com/v1/projects/dndpurchase-2abca:testIamPermissions {"permissions":["firebase.projects.get","firebaseextensions.instances.list"]}
[debug] [2026-03-04T12:57:00.179Z] Checked if tokens are valid: true, expires at: 1772631776038
[debug] [2026-03-04T12:57:00.179Z] Checked if tokens are valid: true, expires at: 1772631776038
[debug] [2026-03-04T12:57:00.179Z] >>> [apiv2][query] GET https://firebaseextensions.googleapis.com/v1beta/projects/dndpurchase-2abca/instances pageSize=100&pageToken=
[debug] [2026-03-04T12:57:03.779Z] <<< [apiv2][status] GET https://firebaseextensions.googleapis.com/v1beta/projects/dndpurchase-2abca/instances 200
[debug] [2026-03-04T12:57:03.780Z] <<< [apiv2][body] GET https://firebaseextensions.googleapis.com/v1beta/projects/dndpurchase-2abca/instances {}
[info] i  functions: preparing functions directory for uploading... 
[info] i  functions: packaged /Users/jeelpatel/Desktop/Jeel/Ahemdabad/DND/functions (33.07 KB) for uploading 
[debug] [2026-03-04T12:57:03.815Z] Checked if tokens are valid: true, expires at: 1772631776038
[debug] [2026-03-04T12:57:03.815Z] Checked if tokens are valid: true, expires at: 1772631776038
[debug] [2026-03-04T12:57:03.815Z] >>> [apiv2][query] GET https://cloudfunctions.googleapis.com/v1/projects/dndpurchase-2abca/locations/-/functions [none]
[debug] [2026-03-04T12:57:05.317Z] <<< [apiv2][status] GET https://cloudfunctions.googleapis.com/v1/projects/dndpurchase-2abca/locations/-/functions 200
[debug] [2026-03-04T12:57:05.317Z] <<< [apiv2][body] GET https://cloudfunctions.googleapis.com/v1/projects/dndpurchase-2abca/locations/-/functions {}
[debug] [2026-03-04T12:57:05.318Z] Checked if tokens are valid: true, expires at: 1772631776038
[debug] [2026-03-04T12:57:05.318Z] Checked if tokens are valid: true, expires at: 1772631776038
[debug] [2026-03-04T12:57:05.318Z] >>> [apiv2][query] GET https://cloudfunctions.googleapis.com/v2/projects/dndpurchase-2abca/locations/-/functions filter=environment%3D%22GEN_2%22
[debug] [2026-03-04T12:57:07.640Z] <<< [apiv2][status] GET https://cloudfunctions.googleapis.com/v2/projects/dndpurchase-2abca/locations/-/functions 200
[debug] [2026-03-04T12:57:07.641Z] <<< [apiv2][body] GET https://cloudfunctions.googleapis.com/v2/projects/dndpurchase-2abca/locations/-/functions {}
[debug] [2026-03-04T12:57:07.645Z] Checked if tokens are valid: true, expires at: 1772631776038
[debug] [2026-03-04T12:57:07.646Z] Checked if tokens are valid: true, expires at: 1772631776038
[debug] [2026-03-04T12:57:07.646Z] >>> [apiv2][query] GET https://cloudresourcemanager.googleapis.com/v1/projects/dndpurchase-2abca [none]
[debug] [2026-03-04T12:57:10.903Z] <<< [apiv2][status] GET https://cloudresourcemanager.googleapis.com/v1/projects/dndpurchase-2abca 200
[debug] [2026-03-04T12:57:10.903Z] <<< [apiv2][body] GET https://cloudresourcemanager.googleapis.com/v1/projects/dndpurchase-2abca {"projectNumber":"964040531655","projectId":"dndpurchase-2abca","lifecycleState":"ACTIVE","name":"dndpurchase","labels":{"firebase":"enabled","firebase-core":"disabled"},"createTime":"2026-03-03T06:44:50.954776Z"}
[debug] [2026-03-04T12:57:10.904Z] Checked if tokens are valid: true, expires at: 1772631776038
[debug] [2026-03-04T12:57:10.904Z] Checked if tokens are valid: true, expires at: 1772631776038
[debug] [2026-03-04T12:57:10.904Z] >>> [apiv2][query] GET https://cloudbilling.googleapis.com/v1/projects/dndpurchase-2abca/billingInfo [none]
[debug] [2026-03-04T12:57:13.362Z] <<< [apiv2][status] GET https://cloudbilling.googleapis.com/v1/projects/dndpurchase-2abca/billingInfo 200
[debug] [2026-03-04T12:57:13.362Z] <<< [apiv2][body] GET https://cloudbilling.googleapis.com/v1/projects/dndpurchase-2abca/billingInfo {"name":"projects/dndpurchase-2abca/billingInfo","projectId":"dndpurchase-2abca","billingAccountName":"billingAccounts/019A4F-5CE14F-91D8D6","billingEnabled":true}
[debug] [2026-03-04T12:57:13.364Z] Checked if tokens are valid: true, expires at: 1772631776038
[debug] [2026-03-04T12:57:13.364Z] Checked if tokens are valid: true, expires at: 1772631776038
[debug] [2026-03-04T12:57:13.365Z] >>> [apiv2][query] POST https://cloudfunctions.googleapis.com/v1/projects/dndpurchase-2abca/locations/us-central1/functions:generateUploadUrl [none]
[debug] [2026-03-04T12:57:13.365Z] >>> [apiv2][body] POST https://cloudfunctions.googleapis.com/v1/projects/dndpurchase-2abca/locations/us-central1/functions:generateUploadUrl {}
[debug] [2026-03-04T12:57:22.819Z] <<< [apiv2][status] POST https://cloudfunctions.googleapis.com/v1/projects/dndpurchase-2abca/locations/us-central1/functions:generateUploadUrl 200
[debug] [2026-03-04T12:57:22.819Z] <<< [apiv2][body] POST https://cloudfunctions.googleapis.com/v1/projects/dndpurchase-2abca/locations/us-central1/functions:generateUploadUrl {"uploadUrl":"https://storage.googleapis.com/uploads-983748185772.us-central1.cloudfunctions.appspot.com/6029f799-e614-43df-9e8f-ce862d5f923b.zip?GoogleAccessId=service-964040531655@gcf-admin-robot.iam.gserviceaccount.com&Expires=1772630842&Signature=MDqZkiU1TtU9rnuZ1jxkF%2FvZVx4v6o46Wnf5K%2F8cgZ%2Bq7ziN9%2FEs21a0VeenU%2FEBmTldCnPmSAewnC%2FhVZScoy2vGpG4UCADZTelXT5lwX%2BvIqQsrOAavjD%2F%2FMG%2BOJ8SPqkRNVbm7cAG3Kr0FCMnd7KDVYopINFZo%2FeUXT5sBMZWkSJKAArvTCm%2B5%2BLzp%2B1G9n4H4KnI8jsbqhLpsfxma6uCnu17kFoXYD1lJVHaACBde1xlxyarWcu%2FQ6nARYkgKMEtk4EZyI6bpf5vTKGtuC65FgI0Txu7qOlvElqm%2Bu2boZb9NhIToEZGQJ7x%2BSS7kqx6Nwcv%2BxqB70and%2Bh%2BdQ%3D%3D"}
[debug] [2026-03-04T12:57:22.821Z] >>> [apiv2][query] PUT https://storage.googleapis.com/uploads-983748185772.us-central1.cloudfunctions.appspot.com/6029f799-e614-43df-9e8f-ce862d5f923b.zip GoogleAccessId=service-964040531655%40gcf-admin-robot.iam.gserviceaccount.com&Expires=1772630842&Signature=MDqZkiU1TtU9rnuZ1jxkF%2FvZVx4v6o46Wnf5K%2F8cgZ%2Bq7ziN9%2FEs21a0VeenU%2FEBmTldCnPmSAewnC%2FhVZScoy2vGpG4UCADZTelXT5lwX%2BvIqQsrOAavjD%2F%2FMG%2BOJ8SPqkRNVbm7cAG3Kr0FCMnd7KDVYopINFZo%2FeUXT5sBMZWkSJKAArvTCm%2B5%2BLzp%2B1G9n4H4KnI8jsbqhLpsfxma6uCnu17kFoXYD1lJVHaACBde1xlxyarWcu%2FQ6nARYkgKMEtk4EZyI6bpf5vTKGtuC65FgI0Txu7qOlvElqm%2Bu2boZb9NhIToEZGQJ7x%2BSS7kqx6Nwcv%2BxqB70and%2Bh%2BdQ%3D%3D
[debug] [2026-03-04T12:57:22.821Z] >>> [apiv2][body] PUT https://storage.googleapis.com/uploads-983748185772.us-central1.cloudfunctions.appspot.com/6029f799-e614-43df-9e8f-ce862d5f923b.zip [stream]
[debug] [2026-03-04T12:57:25.671Z] <<< [apiv2][status] PUT https://storage.googleapis.com/uploads-983748185772.us-central1.cloudfunctions.appspot.com/6029f799-e614-43df-9e8f-ce862d5f923b.zip 200
[debug] [2026-03-04T12:57:25.671Z] <<< [apiv2][body] PUT https://storage.googleapis.com/uploads-983748185772.us-central1.cloudfunctions.appspot.com/6029f799-e614-43df-9e8f-ce862d5f923b.zip [omitted]
[info] ✔  functions: functions source uploaded successfully 
[info] i  functions: creating Node.js 20 (1st Gen) function aggregateRevenueOnOfferUpdate(us-central1)... 
[debug] [2026-03-04T12:57:25.677Z] Checked if tokens are valid: true, expires at: 1772631776038
[debug] [2026-03-04T12:57:25.677Z] Checked if tokens are valid: true, expires at: 1772631776038
[debug] [2026-03-04T12:57:25.677Z] >>> [apiv2][query] POST https://cloudfunctions.googleapis.com/v1/projects/dndpurchase-2abca/locations/us-central1/functions [none]
[debug] [2026-03-04T12:57:25.677Z] >>> [apiv2][body] POST https://cloudfunctions.googleapis.com/v1/projects/dndpurchase-2abca/locations/us-central1/functions {"name":"projects/dndpurchase-2abca/locations/us-central1/functions/aggregateRevenueOnOfferUpdate","sourceUploadUrl":"https://storage.googleapis.com/uploads-983748185772.us-central1.cloudfunctions.appspot.com/6029f799-e614-43df-9e8f-ce862d5f923b.zip?GoogleAccessId=service-964040531655@gcf-admin-robot.iam.gserviceaccount.com&Expires=1772630842&Signature=MDqZkiU1TtU9rnuZ1jxkF%2FvZVx4v6o46Wnf5K%2F8cgZ%2Bq7ziN9%2FEs21a0VeenU%2FEBmTldCnPmSAewnC%2FhVZScoy2vGpG4UCADZTelXT5lwX%2BvIqQsrOAavjD%2F%2FMG%2BOJ8SPqkRNVbm7cAG3Kr0FCMnd7KDVYopINFZo%2FeUXT5sBMZWkSJKAArvTCm%2B5%2BLzp%2B1G9n4H4KnI8jsbqhLpsfxma6uCnu17kFoXYD1lJVHaACBde1xlxyarWcu%2FQ6nARYkgKMEtk4EZyI6bpf5vTKGtuC65FgI0Txu7qOlvElqm%2Bu2boZb9NhIToEZGQJ7x%2BSS7kqx6Nwcv%2BxqB70and%2Bh%2BdQ%3D%3D","entryPoint":"aggregateRevenueOnOfferUpdate","runtime":"nodejs20","dockerRegistry":"ARTIFACT_REGISTRY","labels":{"deployment-tool":"cli-firebase","firebase-functions-hash":"f7abf9dcd21a43362b65e677d45e0a0f51e411a5"},"eventTrigger":{"eventType":"providers/cloud.firestore/eventTypes/document.update","resource":"projects/dndpurchase-2abca/databases/(default)/documents/offers/{offerId}"},"minInstances":null,"maxInstances":null,"ingressSettings":null,"environmentVariables":{"FIREBASE_CONFIG":"{\"projectId\":\"dndpurchase-2abca\",\"storageBucket\":\"dndpurchase-2abca.firebasestorage.app\"}","GCLOUD_PROJECT":"dndpurchase-2abca","EVENTARC_CLOUD_EVENT_SOURCE":"projects/dndpurchase-2abca/locations/us-central1/functions/aggregateRevenueOnOfferUpdate"},"serviceAccountEmail":null,"availableMemoryMb":null,"timeout":null,"vpcConnector":null,"vpcConnectorEgressSettings":null,"buildEnvironmentVariables":{"GOOGLE_NODE_RUN_SCRIPTS":""}}
[debug] [2026-03-04T12:57:27.886Z] <<< [apiv2][status] POST https://cloudfunctions.googleapis.com/v1/projects/dndpurchase-2abca/locations/us-central1/functions 400
[debug] [2026-03-04T12:57:27.886Z] <<< [apiv2][body] POST https://cloudfunctions.googleapis.com/v1/projects/dndpurchase-2abca/locations/us-central1/functions {"error":{"code":400,"message":"Failed to create 1st Gen function projects/dndpurchase-2abca/locations/us-central1/functions/aggregateRevenueOnOfferUpdate: Default service account '964040531655-compute@developer.gserviceaccount.com' doesn't exist. Please recreate this account or specify a different account. Please visit https://cloud.google.com/functions/docs/troubleshooting for in-depth troubleshooting documentation.","status":"FAILED_PRECONDITION"}}
[warn] ⚠  functions: failed to create function projects/dndpurchase-2abca/locations/us-central1/functions/aggregateRevenueOnOfferUpdate 
[error] Failed to create function projects/dndpurchase-2abca/locations/us-central1/functions/aggregateRevenueOnOfferUpdate
[debug] [2026-03-04T12:57:27.895Z] Total Function Deployment time: 2214
[debug] [2026-03-04T12:57:27.896Z] 1 Functions Deployed
[debug] [2026-03-04T12:57:27.896Z] 1 Functions Errored
[debug] [2026-03-04T12:57:27.896Z] 0 Function Deployments Aborted
[debug] [2026-03-04T12:57:27.896Z] Average Function Deployment time: 2213
[info] 
[info] Functions deploy had errors with the following functions:
	aggregateRevenueOnOfferUpdate(us-central1)
[debug] [2026-03-04T12:57:28.234Z] Checked if tokens are valid: true, expires at: 1772631776038
[debug] [2026-03-04T12:57:28.234Z] Checked if tokens are valid: true, expires at: 1772631776038
[debug] [2026-03-04T12:57:28.234Z] >>> [apiv2][query] GET https://artifactregistry.googleapis.com/v1/projects/dndpurchase-2abca/locations/us-central1/repositories/gcf-artifacts [none]
[debug] [2026-03-04T12:57:30.180Z] <<< [apiv2][status] GET https://artifactregistry.googleapis.com/v1/projects/dndpurchase-2abca/locations/us-central1/repositories/gcf-artifacts 404
[debug] [2026-03-04T12:57:30.180Z] <<< [apiv2][body] GET https://artifactregistry.googleapis.com/v1/projects/dndpurchase-2abca/locations/us-central1/repositories/gcf-artifacts {"error":{"code":404,"message":"Requested entity was not found.","status":"NOT_FOUND"}}
[debug] [2026-03-04T12:57:30.181Z] Failed to check artifact cleanup policy for region us-central1: Request to https://artifactregistry.googleapis.com/v1/projects/dndpurchase-2abca/locations/us-central1/repositories/gcf-artifacts had HTTP Error: 404, Requested entity was not found. {"name":"FirebaseError","children":[],"context":{"body":{"error":{"code":404,"message":"Requested entity was not found.","status":"NOT_FOUND"}},"response":{"statusCode":404}},"exit":1,"message":"Request to https://artifactregistry.googleapis.com/v1/projects/dndpurchase-2abca/locations/us-central1/repositories/gcf-artifacts had HTTP Error: 404, Requested entity was not found.","status":404}
[debug] [2026-03-04T12:57:30.182Z] Functions deploy failed.
[debug] [2026-03-04T12:57:30.182Z] {
  "endpoint": {
    "id": "aggregateRevenueOnOfferUpdate",
    "project": "dndpurchase-2abca",
    "region": "us-central1",
    "entryPoint": "aggregateRevenueOnOfferUpdate",
    "platform": "gcfv1",
    "runtime": "nodejs20",
    "eventTrigger": {
      "eventType": "providers/cloud.firestore/eventTypes/document.update",
      "retry": false,
      "eventFilters": {
        "resource": "projects/dndpurchase-2abca/databases/(default)/documents/offers/{offerId}"
      }
    },
    "labels": {
      "deployment-tool": "cli-firebase"
    },
    "serviceAccount": null,
    "ingressSettings": null,
    "availableMemoryMb": null,
    "timeoutSeconds": null,
    "maxInstances": null,
    "minInstances": null,
    "vpc": null,
    "environmentVariables": {
      "FIREBASE_CONFIG": "{\"projectId\":\"dndpurchase-2abca\",\"storageBucket\":\"dndpurchase-2abca.firebasestorage.app\"}",
      "GCLOUD_PROJECT": "dndpurchase-2abca",
      "EVENTARC_CLOUD_EVENT_SOURCE": "projects/dndpurchase-2abca/locations/us-central1/functions/aggregateRevenueOnOfferUpdate"
    },
    "codebase": "default",
    "targetedByOnly": false,
    "hash": "f7abf9dcd21a43362b65e677d45e0a0f51e411a5"
  },
  "op": "create",
  "original": {
    "name": "FirebaseError",
    "children": [],
    "context": {
      "function": "projects/dndpurchase-2abca/locations/us-central1/functions/aggregateRevenueOnOfferUpdate"
    },
    "exit": 1,
    "message": "Failed to create function projects/dndpurchase-2abca/locations/us-central1/functions/aggregateRevenueOnOfferUpdate",
    "original": {
      "name": "FirebaseError",
      "children": [],
      "context": {
        "body": {
          "error": {
            "code": 400,
            "message": "Failed to create 1st Gen function projects/dndpurchase-2abca/locations/us-central1/functions/aggregateRevenueOnOfferUpdate: Default service account '964040531655-compute@developer.gserviceaccount.com' doesn't exist. Please recreate this account or specify a different account. Please visit https://cloud.google.com/functions/docs/troubleshooting for in-depth troubleshooting documentation.",
            "status": "FAILED_PRECONDITION"
          }
        },
        "response": {
          "statusCode": 400
        }
      },
      "exit": 1,
      "message": "Request to https://cloudfunctions.googleapis.com/v1/projects/dndpurchase-2abca/locations/us-central1/functions had HTTP Error: 400, Failed to create 1st Gen function projects/dndpurchase-2abca/locations/us-central1/functions/aggregateRevenueOnOfferUpdate: Default service account '964040531655-compute@developer.gserviceaccount.com' doesn't exist. Please recreate this account or specify a different account. Please visit https://cloud.google.com/functions/docs/troubleshooting for in-depth troubleshooting documentation.",
      "status": 400
    },
    "status": 400,
    "code": 400
  }
}
[debug] [2026-03-04T12:57:30.336Z] Error: Failed to create function aggregateRevenueOnOfferUpdate in region us-central1
    at /opt/homebrew/lib/node_modules/firebase-tools/lib/deploy/functions/release/fabricator.js:52:11
    at process.processTicksAndRejections (node:internal/process/task_queues:104:5)
    at async Fabricator.createV1Function (/opt/homebrew/lib/node_modules/firebase-tools/lib/deploy/functions/release/fabricator.js:194:32)
    at async Fabricator.createEndpoint (/opt/homebrew/lib/node_modules/firebase-tools/lib/deploy/functions/release/fabricator.js:134:13)
    at async handle (/opt/homebrew/lib/node_modules/firebase-tools/lib/deploy/functions/release/fabricator.js:89:17)
[error] 
[error] Error: There was an error deploying functions
