[2026-02-28T15:37:46.460Z] INFO Sending Meta WhatsApp message {"to":"****8391","template":"hello_world"}
[2026-02-28T15:37:47.278Z] ERROR Meta API error {"error":{"error":{"message":"Error validating access token: Session has expired on Saturday, 21-Feb-26 01:00:00 PST. The current time is Saturday, 28-Feb-26 07:37:47 PST.","type":"OAuthException","code":190,"error_subcode":463,"fbtrace_id":"A_u7KPZomwey6hN6tzczwaD"}}}
[2026-02-28T15:38:14.283Z] INFO Sending Meta WhatsApp message {"to":"****5427","template":"bidding_started"}
[2026-02-28T15:38:14.256Z] INFO Bidding activated {"inquiryId":"INQ-0004","sellerCount":1}
[2026-02-28T15:38:14.984Z] INFO Bidding notifications sent
[2026-02-28T15:38:14.984Z] ERROR Meta API error {"error":{"error":{"message":"Error validating access token: Session has expired on Saturday, 21-Feb-26 01:00:00 PST. The current time is Saturday, 28-Feb-26 07:38:14 PST.","type":"OAuthException","code":190,"error_subcode":463,"fbtrace_id":"ASQPHSgMvecjWhKouPKWCvG"}}}
[2026-02-28T15:39:14.177Z] INFO Accepting offer {"offerId":"OFR-0002"}
[2026-02-28T15:39:14.856Z] INFO Offer accepted {"inquiryId":"INQ-0004"}
[2026-02-28T15:39:14.859Z] INFO Sending Meta WhatsApp message {"to":"****5427","template":"offer_accepted_seller"}
[2026-02-28T15:39:14.858Z] INFO Notifying seller with buyer contact {"sellerId":"SEL-0001","sellerPhone":"****5427","buyerPhone":"****8391"}
[2026-02-28T15:39:15.497Z] INFO Notifying buyer with seller contact {"buyerId":"BUY-0001","buyerPhone":"****8391","sellerPhone":"****5427"}
[2026-02-28T15:39:15.496Z] INFO Acceptance notification sent to seller
[2026-02-28T15:39:15.498Z] INFO Sending Meta WhatsApp message {"to":"****8391","template":"offer_accepted_buyer"}
[2026-02-28T15:39:15.495Z] ERROR Meta API error {"error":{"error":{"message":"Error validating access token: Session has expired on Saturday, 21-Feb-26 01:00:00 PST. The current time is Saturday, 28-Feb-26 07:39:15 PST.","type":"OAuthException","code":190,"error_subcode":463,"fbtrace_id":"Au0YTGE-aJ3OtJziZzYo8UJ"}}}
[2026-02-28T15:39:15.716Z] INFO Acceptance notification sent to buyer
[2026-02-28T15:39:15.715Z] ERROR Meta API error {"error":{"error":{"message":"Error validating access token: Session has expired on Saturday, 21-Feb-26 01:00:00 PST. The current time is Saturday, 28-Feb-26 07:39:15 PST.","type":"OAuthException","code":190,"error_subcode":463,"fbtrace_id":"AiblWTR0tMeyTHd0mZCuLFY"}}}
[2026-02-28T15:39:57.013Z] INFO Accepting offer {"offerId":"OFR-0001"}
[2026-02-28T15:39:58.035Z] INFO Notifying seller with buyer contact {"sellerId":"SEL-0001","sellerPhone":"****5427","buyerPhone":"****8391"}
[2026-02-28T15:39:58.034Z] INFO Offer accepted {"inquiryId":"INQ-0004"}
[2026-02-28T15:39:58.035Z] INFO Sending Meta WhatsApp message {"to":"****5427","template":"offer_accepted_seller"}
[2026-02-28T15:39:58.922Z] INFO Acceptance notification sent to seller
[2026-02-28T15:39:58.921Z] ERROR Meta API error {"error":{"error":{"message":"Error validating access token: Session has expired on Saturday, 21-Feb-26 01:00:00 PST. The current time is Saturday, 28-Feb-26 07:39:58 PST.","type":"OAuthException","code":190,"error_subcode":463,"fbtrace_id":"AQlB63tFVQoSUXDtttTyhfg"}}}
[2026-02-28T15:39:58.923Z] INFO Notifying buyer with seller contact {"buyerId":"BUY-0001","buyerPhone":"****8391","sellerPhone":"****5427"}
[2026-02-28T15:39:58.923Z] INFO Sending Meta WhatsApp message {"to":"****8391","template":"offer_accepted_buyer"}
[2026-02-28T15:39:59.274Z] INFO Acceptance notification sent to buyer
[2026-02-28T15:39:59.274Z] ERROR Meta API error {"error":{"error":{"message":"Error validating access token: Session has expired on Saturday, 21-Feb-26 01:00:00 PST. The current time is Saturday, 28-Feb-26 07:39:59 PST.","type":"OAuthException","code":190,"error_subcode":463,"fbtrace_id":"Af47bZcdHAhx3qho73Ur5CO"}}}
[2026-02-28T16:04:00.862Z] INFO Sending Meta WhatsApp message {"to":"****5427","template":"bidding_started"}
[2026-02-28T16:04:00.858Z] INFO New inquiry created {"inquiryId":"INQ-0005","sellerCount":4}
[2026-02-28T16:04:00.864Z] INFO Sending Meta WhatsApp message {"to":"****3216","template":"bidding_started"}
[2026-02-28T16:04:00.867Z] INFO Sending Meta WhatsApp message {"to":"****3456","template":"bidding_started"}
[2026-02-28T16:04:00.866Z] INFO Sending Meta WhatsApp message {"to":"****3212","template":"bidding_started"}
[2026-02-28T16:04:01.199Z] ERROR Meta API error {"error":{"error":{"message":"Error validating access token: Session has expired on Saturday, 21-Feb-26 01:00:00 PST. The current time is Saturday, 28-Feb-26 08:04:01 PST.","type":"OAuthException","code":190,"error_subcode":463,"fbtrace_id":"AEIns0LXuK8mPepIRu28uF0"}}}
[2026-02-28T16:04:01.204Z] ERROR Meta API error {"error":{"error":{"message":"Error validating access token: Session has expired on Saturday, 21-Feb-26 01:00:00 PST. The current time is Saturday, 28-Feb-26 08:04:01 PST.","type":"OAuthException","code":190,"error_subcode":463,"fbtrace_id":"AWmlb3vC06UL7gNlO1aLkp4"}}}
[2026-02-28T16:04:01.509Z] INFO New inquiry notifications complete {"successful":0,"failed":0}
[2026-02-28T16:04:01.508Z] ERROR Meta API error {"error":{"error":{"message":"Error validating access token: Session has expired on Saturday, 21-Feb-26 01:00:00 PST. The current time is Saturday, 28-Feb-26 08:04:01 PST.","type":"OAuthException","code":190,"error_subcode":463,"fbtrace_id":"AyviTZnTcxZZAQUzKdZTsqc"}}}
[2026-02-28T16:04:01.507Z] ERROR Meta API error {"error":{"error":{"message":"Authentication Error","code":190,"type":"OAuthException","fbtrace_id":"AYvU4dkgNdOcXQFY5uyuXDb"}}}
[2026-02-28T16:52:38.908Z] INFO Sending Meta WhatsApp message {"to":"****5427","template":"hello_world"}
[2026-02-28T16:52:39.543Z] ERROR Meta API error {"error":{"error":{"message":"Error validating access token: Session has expired on Saturday, 21-Feb-26 01:00:00 PST. The current time is Saturday, 28-Feb-26 08:52:39 PST.","type":"OAuthException","code":190,"error_subcode":463,"fbtrace_id":"AxmGKzXrcYGlhAsvXmhpB7T"}}}
